<?xml version="1.0" encoding="UTF-8"?>
<!-- Generated by org.testng.reporters.JUnitReportReporter -->
<testsuite hostname="EPUAKHAW0722" name="com.epam.chorniak.TestGame" tests="3" failures="0" timestamp="20 May 2015 06:57:09 GMT" time="0.332" errors="0">
  <testcase name="testInit" time="0.046" classname="com.epam.chorniak.TestGame"/>
  <testcase name="testListSame" time="0.234" classname="com.epam.chorniak.TestGame"/>
  <testcase name="testCreateList" time="0.052" classname="com.epam.chorniak.TestGame"/>
</testsuite> <!-- com.epam.chorniak.TestGame -->
